<?xml version="1.0" encoding="UTF-8"?>
<!-- Generated by org.testng.reporters.JUnitReportReporter -->
<testsuite hostname="Ezypc" failures="0" tests="2" name="testCases.TestCase2" time="0.011" errors="0" timestamp="08 Jan 2023 19:51:18 GMT" skipped="0">
  <testcase classname="testCases.TestCase2" name="test_search" time="0.002"/>
  <testcase classname="testCases.TestCase2" name="test_advSearch" time="0.009"/>
</testsuite> <!-- testCases.TestCase2 -->
