<?xml version="1.0" encoding="UTF-8"?>
<!-- Generated by org.testng.reporters.JUnitReportReporter -->
<testsuite hostname="Ezypc" failures="0" tests="2" name="testCases.TestCase1" time="0.016" errors="0" timestamp="08 Jan 2023 19:51:18 GMT" skipped="0">
  <testcase classname="testCases.TestCase1" name="test_login" time="0.015"/>
  <testcase classname="testCases.TestCase1" name="test_logout" time="0.001"/>
</testsuite> <!-- testCases.TestCase1 -->
